<?xml version="1.0" encoding="UTF-8"?>
<!-- Generated by org.testng.reporters.JUnitReportReporter -->
<testsuite hostname="JangWonYoung" failures="0" tests="2" name="Models.test.authentication.LoginTest" time="15.759" errors="0" timestamp="2021-12-16T03:40:17 ICT" skipped="0">
  <testcase classname="Models.test.authentication.LoginTest" name="loginWithCorrectCreds" time="8.271"/>
  <system-out/>
  <testcase classname="Models.test.authentication.LoginTest" name="loginWithInCorrectCreds" time="7.488"/>
  <system-out/>
</testsuite> <!-- Models.test.authentication.LoginTest -->
